/projects/colonoscopy/code/xzhou86/torch/lib/python3.7/site-packages/torchvision/models/_utils.py:209: UserWarning: The parameter 'pretrained' is deprecated since 0.13 and may be removed in the future, please use 'weights' instead.
  f"The parameter '{pretrained_param}' is deprecated since 0.13 and may be removed in the future, "
/projects/colonoscopy/code/xzhou86/torch/lib/python3.7/site-packages/torchvision/models/_utils.py:223: UserWarning: Arguments other than a weight enum or `None` for 'weights' are deprecated since 0.13 and may be removed in the future. The current behavior is equivalent to passing `weights=ResNet101_Weights.IMAGENET1K_V1`. You can also use `weights=ResNet101_Weights.DEFAULT` to get the most up-to-date weights.
  warnings.warn(msg)
/projects/colonoscopy/code/xzhou86/torch/lib/python3.7/site-packages/albumentations/core/transforms_interface.py:114: UserWarning: Rotate could work incorrectly in ReplayMode for other input data because its' params depend on targets.
  self.get_class_fullname() + " could work incorrectly in ReplayMode for other input data"
Traceback (most recent call last):
  File "new_train.py", line 642, in <module>
    main_train(val_fold, test_fold)
  File "new_train.py", line 601, in main_train
    net, model_ckpt=MODEL_CKPT, val_fold=val_fold, test_fold=test_fold
  File "new_train.py", line 449, in train_network
    v_l, v_acc = valid(net, optimizer, loss, valid_loader, save_imgs, fold)
  File "new_train.py", line 334, in valid
    traj=config.trajectory,
  File "/projects/colonoscopy/group_scratch/xzhou86/simpleNet/utils/model_eval_utils.py", line 41, in generate_preds
    label_vpreds = net(valid_imgs, out_logits=(not config.weighted_bce))
  File "/projects/colonoscopy/code/xzhou86/torch/lib/python3.7/site-packages/torch/nn/modules/module.py", line 1190, in _call_impl
    return forward_call(*input, **kwargs)
  File "/projects/colonoscopy/code/xzhou86/torch/lib/python3.7/site-packages/torch/nn/parallel/data_parallel.py", line 169, in forward
    return self.module(*inputs[0], **kwargs[0])
  File "/projects/colonoscopy/code/xzhou86/torch/lib/python3.7/site-packages/torch/nn/modules/module.py", line 1190, in _call_impl
    return forward_call(*input, **kwargs)
TypeError: forward() got an unexpected keyword argument 'out_logits'
